\BOOKMARK [1][-]{section.1}{The Fundamental Theorem of Asset Pricing}{}% 1
\BOOKMARK [2][-]{subsection.1.1}{Introduction}{section.1}% 2
\BOOKMARK [2][-]{subsection.1.2}{Trading Strategy and Derivative Pricing Definitions}{section.1}% 3
\BOOKMARK [2][-]{subsection.1.3}{Martingales and Change of Measure}{section.1}% 4
\BOOKMARK [2][-]{subsection.1.4}{Fundamental Theorem of Asset Pricing \(No Dividends\)}{section.1}% 5
\BOOKMARK [3][-]{subsubsection.1.4.1}{Statement of Theorem}{subsection.1.4}% 6
\BOOKMARK [3][-]{subsubsection.1.4.2}{Consequences for Derivative Pricing}{subsection.1.4}% 7
\BOOKMARK [3][-]{subsubsection.1.4.3}{Special Numeraires and Martingale Measures}{subsection.1.4}% 8
\BOOKMARK [2][-]{subsection.1.5}{FTAP for Dividend-Paying Assets}{section.1}% 9
\BOOKMARK [1][-]{section.2}{Continuous Time Stochastic Processes}{}% 10
\BOOKMARK [2][-]{subsection.2.1}{Introduction}{section.2}% 11
\BOOKMARK [2][-]{subsection.2.2}{Brownian Motion}{section.2}% 12
\BOOKMARK [2][-]{subsection.2.3}{Generalized Brownian Motion}{section.2}% 13
\BOOKMARK [2][-]{subsection.2.4}{Ito Processes}{section.2}% 14
\BOOKMARK [2][-]{subsection.2.5}{Ito's Lemma}{section.2}% 15
\BOOKMARK [2][-]{subsection.2.6}{Multi-dimensional Ito's Lemma}{section.2}% 16
\BOOKMARK [2][-]{subsection.2.7}{Geometric Brownian Motion}{section.2}% 17
\BOOKMARK [2][-]{subsection.2.8}{Girsanov's Theorem}{section.2}% 18
\BOOKMARK [1][-]{section.3}{The Market for Credit Derivatives}{}% 19
\BOOKMARK [2][-]{subsection.3.1}{Single-Name Credit Default Swaps}{section.3}% 20
\BOOKMARK [2][-]{subsection.3.2}{Basket Credit Default Swaps}{section.3}% 21
\BOOKMARK [2][-]{subsection.3.3}{CDS Indices}{section.3}% 22
\BOOKMARK [1][-]{section.4}{Pricing Credit Derivatives}{}% 23
\BOOKMARK [2][-]{subsection.4.1}{Survival Probabilities and Hazard Rates}{section.4}% 24
\BOOKMARK [2][-]{subsection.4.2}{Pricing Defaultable ZCB's}{section.4}% 25
\BOOKMARK [2][-]{subsection.4.3}{Pricing Single-Name CDS's}{section.4}% 26
\BOOKMARK [2][-]{subsection.4.4}{Pricing Multi-Name CDS's}{section.4}% 27
\BOOKMARK [3][-]{subsubsection.4.4.1}{Background and Motivation}{subsection.4.4}% 28
\BOOKMARK [3][-]{subsubsection.4.4.2}{Implementation}{subsection.4.4}% 29
\BOOKMARK [2][-]{subsection.4.5}{More General Credit Derivatives}{section.4}% 30
\BOOKMARK [1][-]{section.5}{Dynamic Credit Risk Models}{}% 31
\BOOKMARK [2][-]{subsection.5.1}{Structural Models}{section.5}% 32
\BOOKMARK [3][-]{subsubsection.5.1.1}{Merton Model}{subsection.5.1}% 33
\BOOKMARK [3][-]{subsubsection.5.1.2}{Black-Cox Model}{subsection.5.1}% 34
\BOOKMARK [2][-]{subsection.5.2}{Intensity Models}{section.5}% 35
\BOOKMARK [1][-]{appendix.A}{Copulas}{}% 36
