\BOOKMARK [1][-]{section.1}{Estimation of Parameters}{}
\BOOKMARK [1][-]{section.2}{Parameter Bias}{}
\BOOKMARK [2][-]{subsection.2.1}{Definition}{section.2}
\BOOKMARK [2][-]{subsection.2.2}{Problems}{section.2}
\BOOKMARK [2][-]{subsection.2.3}{Conclusion}{section.2}
\BOOKMARK [1][-]{section.3}{Order Statistics}{}
\BOOKMARK [2][-]{subsection.3.1}{Definitions}{section.3}
\BOOKMARK [2][-]{subsection.3.2}{Density Functions of Order Statistics}{section.3}
\BOOKMARK [2][-]{subsection.3.3}{Range}{section.3}
\BOOKMARK [1][-]{section.4}{The Cramer-Rao Inequality}{}
\BOOKMARK [2][-]{subsection.4.1}{Notation}{section.4}
\BOOKMARK [2][-]{subsection.4.2}{Statement of the Cramer-Rao Inequality}{section.4}
\BOOKMARK [2][-]{subsection.4.3}{Special Cases}{section.4}
\BOOKMARK [2][-]{subsection.4.4}{Limitations}{section.4}
\BOOKMARK [2][-]{subsection.4.5}{When is the Cramer-Rao Bound Achievable?}{section.4}
\BOOKMARK [1][-]{section.5}{Sufficient Statistics and the Rao-Blackwell Theorem}{}
\BOOKMARK [2][-]{subsection.5.1}{Definition of Sufficient Statistics}{section.5}
\BOOKMARK [2][-]{subsection.5.2}{Properties and Intuition}{section.5}
\BOOKMARK [2][-]{subsection.5.3}{Rao-Blackwell Theorem, Part 1}{section.5}
\BOOKMARK [2][-]{subsection.5.4}{Minimal, Non-Trivial Sufficient Statistics \(MNTSS\)}{section.5}
\BOOKMARK [2][-]{subsection.5.5}{Finding a MNTSS, S Independent of }{section.5}
\BOOKMARK [3][-]{subsubsection.5.5.1}{Factorization Approach}{subsection.5.5}
\BOOKMARK [3][-]{subsubsection.5.5.2}{Smith-Jones Approach}{subsection.5.5}
\BOOKMARK [3][-]{subsubsection.5.5.3}{Exponential Family Approach}{subsection.5.5}
\BOOKMARK [2][-]{subsection.5.6}{Finding a MNTSS, S Dependent Upon }{section.5}
\BOOKMARK [2][-]{subsection.5.7}{Full Rao-Blackwell Theorem}{section.5}
\BOOKMARK [2][-]{subsection.5.8}{Potential Problems}{section.5}
\BOOKMARK [1][-]{section.6}{Maximum Likelihood Estimation}{}
\BOOKMARK [2][-]{subsection.6.1}{Finding Maximum Likelihood Estimators}{section.6}
\BOOKMARK [2][-]{subsection.6.2}{Properties of Maximum Likelihood Estimators}{section.6}
\BOOKMARK [2][-]{subsection.6.3}{Application: Simple Linear Regression}{section.6}
\BOOKMARK [1][-]{section.7}{Transformation Theory}{}
\BOOKMARK [2][-]{subsection.7.1}{Univariate Case, Monotonic}{section.7}
\BOOKMARK [2][-]{subsection.7.2}{Univariate Case, Non-Monotonic}{section.7}
\BOOKMARK [2][-]{subsection.7.3}{Multivariate Case}{section.7}
\BOOKMARK [2][-]{subsection.7.4}{Applications of Univariate Case}{section.7}
\BOOKMARK [3][-]{subsubsection.7.4.1}{Simulations via Uniform Distribution}{subsection.7.4}
\BOOKMARK [3][-]{subsubsection.7.4.2}{Square of a Normal Random Variable}{subsection.7.4}
\BOOKMARK [2][-]{subsection.7.5}{Applications of Multivariate Case}{section.7}
\BOOKMARK [3][-]{subsubsection.7.5.1}{Generating a N\(0,1\) Random Variable}{subsection.7.5}
\BOOKMARK [3][-]{subsubsection.7.5.2}{Student's t-Distribution}{subsection.7.5}
\BOOKMARK [3][-]{subsubsection.7.5.3}{F-Statistic and Distribution}{subsection.7.5}
\BOOKMARK [1][-]{section.8}{Hypothesis Testing}{}
\BOOKMARK [2][-]{subsection.8.1}{Five Basic Steps}{section.8}
\BOOKMARK [2][-]{subsection.8.2}{Using p-values}{section.8}
\BOOKMARK [2][-]{subsection.8.3}{Power}{section.8}
\BOOKMARK [2][-]{subsection.8.4}{Neyman-Pearson Lemma}{section.8}
\BOOKMARK [2][-]{subsection.8.5}{Applications of the Neyman-Pearson Lemma}{section.8}
\BOOKMARK [3][-]{subsubsection.8.5.1}{Normal Data}{subsection.8.5}
\BOOKMARK [3][-]{subsubsection.8.5.2}{Binomial Data}{subsection.8.5}
\BOOKMARK [2][-]{subsection.8.6}{Lambda Ratio Test}{section.8}
\BOOKMARK [3][-]{subsubsection.8.6.1}{Justification and Intuition}{subsection.8.6}
\BOOKMARK [3][-]{subsubsection.8.6.2}{Procedure}{subsection.8.6}
\BOOKMARK [2][-]{subsection.8.7}{Applications of the -Ratio Test}{section.8}
\BOOKMARK [3][-]{subsubsection.8.7.1}{Normal Data, Test of the Mean}{subsection.8.7}
\BOOKMARK [3][-]{subsubsection.8.7.2}{Normal Data, Test of Two Means \(One-Way ANOVA, Special Case\)}{subsection.8.7}
\BOOKMARK [3][-]{subsubsection.8.7.3}{One-Way ANOVA}{subsection.8.7}
\BOOKMARK [3][-]{subsubsection.8.7.4}{Regression}{subsection.8.7}
\BOOKMARK [2][-]{subsection.8.8}{Beyond the Lambda Ratio Test}{section.8}
\BOOKMARK [3][-]{subsubsection.8.8.1}{Regularity Conditions for -2 ln Procedure}{subsection.8.8}
\BOOKMARK [2][-]{subsection.8.9}{Combining Tests}{section.8}
\BOOKMARK [3][-]{subsubsection.8.9.1}{Distribution of p-values}{subsection.8.9}
\BOOKMARK [3][-]{subsubsection.8.9.2}{Testing a New H0}{subsection.8.9}
\BOOKMARK [1][-]{section.9}{Non-Parametric Statistics}{}
\BOOKMARK [2][-]{subsection.9.1}{Optimality and Efficiency Considerations}{section.9}
\BOOKMARK [2][-]{subsection.9.2}{Alternatives to One-Sample t-test}{section.9}
\BOOKMARK [3][-]{subsubsection.9.2.1}{Sign Test}{subsection.9.2}
\BOOKMARK [3][-]{subsubsection.9.2.2}{Wilcoxon One-Sample Test}{subsection.9.2}
\BOOKMARK [2][-]{subsection.9.3}{Alternatives to the Two-Sample t-test}{section.9}
\BOOKMARK [3][-]{subsubsection.9.3.1}{Test of Distributions}{subsection.9.3}
\BOOKMARK [3][-]{subsubsection.9.3.2}{Permutation Test}{subsection.9.3}
\BOOKMARK [2][-]{subsection.9.4}{Non-Parametric Tests of Correlation}{section.9}
\BOOKMARK [3][-]{subsubsection.9.4.1}{Permutation Test}{subsection.9.4}
\BOOKMARK [1][-]{appendix.A}{Proof of the Cramer-Rao Inequality}{}
\BOOKMARK [1][-]{appendix.B}{Example: Rao-Blackwell Theorem Part 2}{}
\BOOKMARK [1][-]{appendix.C}{Useful Tricks and Identities}{}
\BOOKMARK [1][-]{appendix.D}{Useful Statistics}{}
