\BOOKMARK [1][-]{section.1}{The Fundamental Theorem of Asset Pricing}{}% 1
\BOOKMARK [2][-]{subsection.1.1}{Introduction}{section.1}% 2
\BOOKMARK [2][-]{subsection.1.2}{Trading Strategy and Derivative Pricing Definitions}{section.1}% 3
\BOOKMARK [2][-]{subsection.1.3}{Martingales and Change of Measure}{section.1}% 4
\BOOKMARK [2][-]{subsection.1.4}{Fundamental Theorem of Asset Pricing \(No Dividends\)}{section.1}% 5
\BOOKMARK [3][-]{subsubsection.1.4.1}{Statement of Theorem}{subsection.1.4}% 6
\BOOKMARK [3][-]{subsubsection.1.4.2}{Consequences for Derivative Pricing}{subsection.1.4}% 7
\BOOKMARK [3][-]{subsubsection.1.4.3}{Special Numeraires and Martingale Measures}{subsection.1.4}% 8
\BOOKMARK [2][-]{subsection.1.5}{FTAP for Dividend-Paying Assets}{section.1}% 9
\BOOKMARK [1][-]{section.2}{Continuous Time Stochastic Processes}{}% 10
\BOOKMARK [2][-]{subsection.2.1}{Introduction}{section.2}% 11
\BOOKMARK [2][-]{subsection.2.2}{Brownian Motion}{section.2}% 12
\BOOKMARK [2][-]{subsection.2.3}{Generalized Brownian Motion}{section.2}% 13
\BOOKMARK [2][-]{subsection.2.4}{Ito Processes}{section.2}% 14
\BOOKMARK [2][-]{subsection.2.5}{Ito's Lemma}{section.2}% 15
\BOOKMARK [2][-]{subsection.2.6}{Multi-dimensional Ito's Lemma}{section.2}% 16
\BOOKMARK [2][-]{subsection.2.7}{Geometric Brownian Motion}{section.2}% 17
\BOOKMARK [2][-]{subsection.2.8}{Girsanov's Theorem}{section.2}% 18
\BOOKMARK [1][-]{section.3}{The Black-Scholes Model}{}% 19
\BOOKMARK [2][-]{subsection.3.1}{Deriving the Governing Process Under QB}{section.3}% 20
\BOOKMARK [2][-]{subsection.3.2}{Arriving at a Closed-Form Solution}{section.3}% 21
\BOOKMARK [2][-]{subsection.3.3}{General Logic}{section.3}% 22
\BOOKMARK [2][-]{subsection.3.4}{Relaxing Some Assumptions}{section.3}% 23
\BOOKMARK [1][-]{section.4}{Monte Carlo Pricing of PIDs}{}% 24
\BOOKMARK [1][-]{section.5}{Monte Carlo Pricing of PDDs}{}% 25
\BOOKMARK [1][-]{section.6}{Forwards and Futures Prices}{}% 26
\BOOKMARK [2][-]{subsection.6.1}{Forward Prices}{section.6}% 27
\BOOKMARK [3][-]{subsubsection.6.1.1}{No Dividend Case}{subsection.6.1}% 28
\BOOKMARK [3][-]{subsubsection.6.1.2}{Incorporating Dividends}{subsection.6.1}% 29
\BOOKMARK [1][-]{section.7}{Black Model}{}% 30
\BOOKMARK [2][-]{subsection.7.1}{Assumptions}{section.7}% 31
\BOOKMARK [2][-]{subsection.7.2}{Pricing PID's Under the Black Model}{section.7}% 32
\BOOKMARK [2][-]{subsection.7.3}{Results and Computational Notes}{section.7}% 33
\BOOKMARK [2][-]{subsection.7.4}{Pricing PIDs in the Black Model}{section.7}% 34
\BOOKMARK [1][-]{section.8}{Put-Call Parity}{}% 35
\BOOKMARK [1][-]{section.9}{Volatility Surfaces}{}% 36
\BOOKMARK [1][-]{section.10}{Local Volatility Models}{}% 37
\BOOKMARK [1][-]{appendix.A}{Antithetic Variates: A Variance Reduction Technique}{}% 38
\BOOKMARK [1][-]{appendix.B}{Extras from the Textbook}{}% 39
\BOOKMARK [2][-]{subsection.B.1}{Replication Approach}{appendix.B}% 40
\BOOKMARK [2][-]{subsection.B.2}{Risk-Neutral and Expectation-Type Pricing}{appendix.B}% 41
