\BOOKMARK [1][-]{section.1}{The Fundamental Theorem of Asset Pricing}{}% 1
\BOOKMARK [2][-]{subsection.1.1}{Introduction}{section.1}% 2
\BOOKMARK [2][-]{subsection.1.2}{Trading Strategy and Derivative Pricing Definitions}{section.1}% 3
\BOOKMARK [2][-]{subsection.1.3}{Martingales and Change of Measure}{section.1}% 4
\BOOKMARK [2][-]{subsection.1.4}{Fundamental Theorem of Asset Pricing \(No Dividends\)}{section.1}% 5
\BOOKMARK [3][-]{subsubsection.1.4.1}{Statement of Theorem}{subsection.1.4}% 6
\BOOKMARK [3][-]{subsubsection.1.4.2}{Consequences for Derivative Pricing}{subsection.1.4}% 7
\BOOKMARK [3][-]{subsubsection.1.4.3}{Special Numeraires and Martingale Measures}{subsection.1.4}% 8
\BOOKMARK [2][-]{subsection.1.5}{FTAP for Dividend-Paying Assets}{section.1}% 9
\BOOKMARK [1][-]{section.2}{Continuous Time Stochastic Processes}{}% 10
\BOOKMARK [2][-]{subsection.2.1}{Introduction}{section.2}% 11
\BOOKMARK [2][-]{subsection.2.2}{Brownian Motion}{section.2}% 12
\BOOKMARK [2][-]{subsection.2.3}{Generalized Brownian Motion}{section.2}% 13
\BOOKMARK [2][-]{subsection.2.4}{Ito Processes}{section.2}% 14
\BOOKMARK [2][-]{subsection.2.5}{Ito's Lemma}{section.2}% 15
\BOOKMARK [2][-]{subsection.2.6}{Multi-dimensional Ito's Lemma}{section.2}% 16
\BOOKMARK [2][-]{subsection.2.7}{Geometric Brownian Motion}{section.2}% 17
\BOOKMARK [2][-]{subsection.2.8}{Girsanov's Theorem}{section.2}% 18
\BOOKMARK [1][-]{section.3}{Interest Rate Derivatives}{}% 19
\BOOKMARK [2][-]{subsection.3.1}{Basics and Notation}{section.3}% 20
\BOOKMARK [2][-]{subsection.3.2}{Forward Rate Agreements}{section.3}% 21
\BOOKMARK [2][-]{subsection.3.3}{Interest Rate Swaps}{section.3}% 22
\BOOKMARK [2][-]{subsection.3.4}{Caps and Floors}{section.3}% 23
\BOOKMARK [2][-]{subsection.3.5}{Cap-Floor Parity}{section.3}% 24
\BOOKMARK [2][-]{subsection.3.6}{Black's Formula for Caps and Floors}{section.3}% 25
\BOOKMARK [3][-]{subsubsection.3.6.1}{Pricing}{subsection.3.6}% 26
\BOOKMARK [3][-]{subsubsection.3.6.2}{Implied Volatilies}{subsection.3.6}% 27
\BOOKMARK [2][-]{subsection.3.7}{Swaptions}{section.3}% 28
\BOOKMARK [2][-]{subsection.3.8}{Swaption Parity}{section.3}% 29
\BOOKMARK [2][-]{subsection.3.9}{Black's Formula for Swaptions}{section.3}% 30
\BOOKMARK [3][-]{subsubsection.3.9.1}{Pricing}{subsection.3.9}% 31
\BOOKMARK [3][-]{subsubsection.3.9.2}{Implied Volatilities}{subsection.3.9}% 32
\BOOKMARK [2][-]{subsection.3.10}{Derivatives on Bonds, Rather than Interest Rates}{section.3}% 33
\BOOKMARK [1][-]{section.4}{One-Factor Spot Rate Models}{}% 34
\BOOKMARK [2][-]{subsection.4.1}{Uses of Interest Rate Models}{section.4}% 35
\BOOKMARK [2][-]{subsection.4.2}{General Form of One-Factor Models}{section.4}% 36
\BOOKMARK [2][-]{subsection.4.3}{General Form of Affine One-Factor Models}{section.4}% 37
\BOOKMARK [2][-]{subsection.4.4}{Vasicek Model}{section.4}% 38
\BOOKMARK [2][-]{subsection.4.5}{Cox-Ingersoll-Ross \(CIR\) Model}{section.4}% 39
\BOOKMARK [2][-]{subsection.4.6}{Ho-Lee Model}{section.4}% 40
\BOOKMARK [2][-]{subsection.4.7}{Extended Vasicek Model}{section.4}% 41
\BOOKMARK [3][-]{subsubsection.4.7.1}{Governing Process}{subsection.4.7}% 42
\BOOKMARK [3][-]{subsubsection.4.7.2}{Pricing Bonds under the EV Model}{subsection.4.7}% 43
\BOOKMARK [3][-]{subsubsection.4.7.3}{Bond Price Dynamics}{subsection.4.7}% 44
\BOOKMARK [3][-]{subsubsection.4.7.4}{Calibration}{subsection.4.7}% 45
\BOOKMARK [3][-]{subsubsection.4.7.5}{Pricing Coupon Bonds and Payer Swaptions}{subsection.4.7}% 46
\BOOKMARK [2][-]{subsection.4.8}{Cox-Ingersoll Ross Extension}{section.4}% 47
\BOOKMARK [3][-]{subsubsection.4.8.1}{CIR++ versus Extended CIR}{subsection.4.8}% 48
\BOOKMARK [3][-]{subsubsection.4.8.2}{Pricing ZCB's under the CIR++ Model}{subsection.4.8}% 49
\BOOKMARK [1][-]{section.5}{Multi-Factor Models}{}% 50
\BOOKMARK [1][-]{appendix.A}{Principal Component Analysis}{}% 51
\BOOKMARK [2][-]{subsection.A.1}{Motivation and Setup}{appendix.A}% 52
\BOOKMARK [2][-]{subsection.A.2}{Approximating the Covariance Matrix}{appendix.A}% 53
\BOOKMARK [1][-]{appendix.B}{Antithetic Variates: A Variance Reduction Technique}{}% 54
